1764306195.204256 client started (52198): version 3.5a, socket /private/tmp/tmux-501/default, protocol 8
1764306195.204311 on Darwin 25.1.0 Darwin Kernel Version 25.1.0: Mon Oct 20 19:33:00 PDT 2025; root:xnu-12377.41.6~2/RELEASE_ARM64_T6020
1764306195.204320 using libevent 2.1.12-stable select
1764306195.204683 using utf8proc 2.11.2
1764306195.204702 using ncurses 6.5 20240427
1764306195.204720 flags are 0x10010000
1764306195.204729 socket is /private/tmp/tmux-501/default
1764306195.204743 trying connect
1764306195.204800 add peer 0xc3081c000: 6 (0x0)
1764306195.206997 sending message 111 to peer 0xc3081c000 (8 bytes)
1764306195.207014 sending message 111 to peer 0xc3081c000 (8 bytes)
1764306195.207023 sending message 101 to peer 0xc3081c000 (14 bytes)
1764306195.207031 sending message 109 to peer 0xc3081c000 (4 bytes)
1764306195.207042 sending message 102 to peer 0xc3081c000 (13 bytes)
1764306195.207053 sending message 108 to peer 0xc3081c000 (28 bytes)
1764306195.207059 sending message 112 to peer 0xc3081c000 (70 bytes)
1764306195.207066 sending message 112 to peer 0xc3081c000 (5 bytes)
1764306195.207076 sending message 112 to peer 0xc3081c000 (5 bytes)
1764306195.207084 sending message 112 to peer 0xc3081c000 (6 bytes)
1764306195.207092 sending message 112 to peer 0xc3081c000 (6 bytes)
1764306195.207099 sending message 112 to peer 0xc3081c000 (11 bytes)
1764306195.207106 sending message 112 to peer 0xc3081c000 (10 bytes)
1764306195.207112 sending message 112 to peer 0xc3081c000 (13 bytes)
1764306195.207120 sending message 112 to peer 0xc3081c000 (13 bytes)
1764306195.207126 sending message 112 to peer 0xc3081c000 (18 bytes)
1764306195.207133 sending message 112 to peer 0xc3081c000 (11 bytes)
1764306195.207140 sending message 112 to peer 0xc3081c000 (10 bytes)
1764306195.207147 sending message 112 to peer 0xc3081c000 (15 bytes)
1764306195.207155 sending message 112 to peer 0xc3081c000 (21 bytes)
1764306195.207161 sending message 112 to peer 0xc3081c000 (13 bytes)
1764306195.207168 sending message 112 to peer 0xc3081c000 (7 bytes)
1764306195.207175 sending message 112 to peer 0xc3081c000 (13 bytes)
1764306195.207182 sending message 112 to peer 0xc3081c000 (7 bytes)
1764306195.207190 sending message 112 to peer 0xc3081c000 (13 bytes)
1764306195.207196 sending message 112 to peer 0xc3081c000 (9 bytes)
1764306195.207205 sending message 112 to peer 0xc3081c000 (21 bytes)
1764306195.207213 sending message 112 to peer 0xc3081c000 (13 bytes)
1764306195.207219 sending message 112 to peer 0xc3081c000 (8 bytes)
1764306195.207226 sending message 112 to peer 0xc3081c000 (12 bytes)
1764306195.207234 sending message 112 to peer 0xc3081c000 (13 bytes)
1764306195.207242 sending message 112 to peer 0xc3081c000 (9 bytes)
1764306195.207247 sending message 112 to peer 0xc3081c000 (9 bytes)
1764306195.207255 sending message 112 to peer 0xc3081c000 (12 bytes)
1764306195.207260 sending message 112 to peer 0xc3081c000 (8 bytes)
1764306195.207267 sending message 112 to peer 0xc3081c000 (8 bytes)
1764306195.207273 sending message 112 to peer 0xc3081c000 (7 bytes)
1764306195.207280 sending message 112 to peer 0xc3081c000 (7 bytes)
1764306195.207286 sending message 112 to peer 0xc3081c000 (9 bytes)
1764306195.207293 sending message 112 to peer 0xc3081c000 (13 bytes)
1764306195.207298 sending message 112 to peer 0xc3081c000 (6 bytes)
1764306195.207306 sending message 112 to peer 0xc3081c000 (9 bytes)
1764306195.207311 sending message 112 to peer 0xc3081c000 (15 bytes)
1764306195.207316 sending message 112 to peer 0xc3081c000 (13 bytes)
1764306195.207322 sending message 112 to peer 0xc3081c000 (12 bytes)
1764306195.207329 sending message 112 to peer 0xc3081c000 (8 bytes)
1764306195.207335 sending message 112 to peer 0xc3081c000 (14 bytes)
1764306195.207342 sending message 112 to peer 0xc3081c000 (11 bytes)
1764306195.207348 sending message 112 to peer 0xc3081c000 (9 bytes)
1764306195.207355 sending message 112 to peer 0xc3081c000 (10 bytes)
1764306195.207360 sending message 112 to peer 0xc3081c000 (10 bytes)
1764306195.207368 sending message 112 to peer 0xc3081c000 (10 bytes)
1764306195.207387 sending message 112 to peer 0xc3081c000 (10 bytes)
1764306195.207391 sending message 112 to peer 0xc3081c000 (11 bytes)
1764306195.207397 sending message 112 to peer 0xc3081c000 (12 bytes)
1764306195.207401 sending message 112 to peer 0xc3081c000 (12 bytes)
1764306195.207407 sending message 112 to peer 0xc3081c000 (12 bytes)
1764306195.207411 sending message 112 to peer 0xc3081c000 (12 bytes)
1764306195.207416 sending message 112 to peer 0xc3081c000 (12 bytes)
1764306195.207421 sending message 112 to peer 0xc3081c000 (11 bytes)
1764306195.207425 sending message 112 to peer 0xc3081c000 (11 bytes)
1764306195.207431 sending message 112 to peer 0xc3081c000 (12 bytes)
1764306195.207435 sending message 112 to peer 0xc3081c000 (12 bytes)
1764306195.207439 sending message 112 to peer 0xc3081c000 (12 bytes)
1764306195.207445 sending message 112 to peer 0xc3081c000 (12 bytes)
1764306195.207449 sending message 112 to peer 0xc3081c000 (12 bytes)
1764306195.207455 sending message 112 to peer 0xc3081c000 (10 bytes)
1764306195.207459 sending message 112 to peer 0xc3081c000 (12 bytes)
1764306195.207463 sending message 112 to peer 0xc3081c000 (13 bytes)
1764306195.207469 sending message 112 to peer 0xc3081c000 (13 bytes)
1764306195.207473 sending message 112 to peer 0xc3081c000 (13 bytes)
1764306195.207477 sending message 112 to peer 0xc3081c000 (13 bytes)
1764306195.207483 sending message 112 to peer 0xc3081c000 (13 bytes)
1764306195.207487 sending message 112 to peer 0xc3081c000 (8 bytes)
1764306195.207493 sending message 112 to peer 0xc3081c000 (11 bytes)
1764306195.207498 sending message 112 to peer 0xc3081c000 (11 bytes)
1764306195.207503 sending message 112 to peer 0xc3081c000 (11 bytes)
1764306195.207507 sending message 112 to peer 0xc3081c000 (12 bytes)
1764306195.207514 sending message 112 to peer 0xc3081c000 (12 bytes)
1764306195.207520 sending message 112 to peer 0xc3081c000 (12 bytes)
1764306195.207524 sending message 112 to peer 0xc3081c000 (12 bytes)
1764306195.207528 sending message 112 to peer 0xc3081c000 (13 bytes)
1764306195.207534 sending message 112 to peer 0xc3081c000 (13 bytes)
1764306195.207538 sending message 112 to peer 0xc3081c000 (13 bytes)
1764306195.207543 sending message 112 to peer 0xc3081c000 (8 bytes)
1764306195.207548 sending message 112 to peer 0xc3081c000 (13 bytes)
1764306195.207553 sending message 112 to peer 0xc3081c000 (13 bytes)
1764306195.207557 sending message 112 to peer 0xc3081c000 (13 bytes)
1764306195.207563 sending message 112 to peer 0xc3081c000 (13 bytes)
1764306195.207567 sending message 112 to peer 0xc3081c000 (13 bytes)
1764306195.207571 sending message 112 to peer 0xc3081c000 (12 bytes)
1764306195.207577 sending message 112 to peer 0xc3081c000 (12 bytes)
1764306195.207581 sending message 112 to peer 0xc3081c000 (12 bytes)
1764306195.207587 sending message 112 to peer 0xc3081c000 (12 bytes)
1764306195.207591 sending message 112 to peer 0xc3081c000 (13 bytes)
1764306195.207597 sending message 112 to peer 0xc3081c000 (8 bytes)
1764306195.207601 sending message 112 to peer 0xc3081c000 (13 bytes)
1764306195.207607 sending message 112 to peer 0xc3081c000 (13 bytes)
1764306195.207611 sending message 112 to peer 0xc3081c000 (13 bytes)
1764306195.207617 sending message 112 to peer 0xc3081c000 (13 bytes)
1764306195.207621 sending message 112 to peer 0xc3081c000 (13 bytes)
1764306195.207627 sending message 112 to peer 0xc3081c000 (13 bytes)
1764306195.207631 sending message 112 to peer 0xc3081c000 (13 bytes)
1764306195.207637 sending message 112 to peer 0xc3081c000 (12 bytes)
1764306195.207641 sending message 112 to peer 0xc3081c000 (12 bytes)
1764306195.207647 sending message 112 to peer 0xc3081c000 (12 bytes)
1764306195.207653 sending message 112 to peer 0xc3081c000 (8 bytes)
1764306195.207659 sending message 112 to peer 0xc3081c000 (12 bytes)
1764306195.207663 sending message 112 to peer 0xc3081c000 (13 bytes)
1764306195.207669 sending message 112 to peer 0xc3081c000 (13 bytes)
1764306195.207673 sending message 112 to peer 0xc3081c000 (13 bytes)
1764306195.207679 sending message 112 to peer 0xc3081c000 (13 bytes)
1764306195.207693 sending message 112 to peer 0xc3081c000 (13 bytes)
1764306195.207700 sending message 112 to peer 0xc3081c000 (13 bytes)
1764306195.207705 sending message 112 to peer 0xc3081c000 (13 bytes)
1764306195.207711 sending message 112 to peer 0xc3081c000 (13 bytes)
1764306195.207716 sending message 112 to peer 0xc3081c000 (12 bytes)
1764306195.207720 sending message 112 to peer 0xc3081c000 (10 bytes)
1764306195.207726 sending message 112 to peer 0xc3081c000 (12 bytes)
1764306195.207730 sending message 112 to peer 0xc3081c000 (12 bytes)
1764306195.207736 sending message 112 to peer 0xc3081c000 (12 bytes)
1764306195.207740 sending message 112 to peer 0xc3081c000 (13 bytes)
1764306195.207746 sending message 112 to peer 0xc3081c000 (13 bytes)
1764306195.207750 sending message 112 to peer 0xc3081c000 (13 bytes)
1764306195.207757 sending message 112 to peer 0xc3081c000 (13 bytes)
1764306195.207761 sending message 112 to peer 0xc3081c000 (13 bytes)
1764306195.207766 sending message 112 to peer 0xc3081c000 (13 bytes)
1764306195.207771 sending message 112 to peer 0xc3081c000 (13 bytes)
1764306195.207776 sending message 112 to peer 0xc3081c000 (10 bytes)
1764306195.207782 sending message 112 to peer 0xc3081c000 (13 bytes)
1764306195.207787 sending message 112 to peer 0xc3081c000 (12 bytes)
1764306195.207793 sending message 112 to peer 0xc3081c000 (12 bytes)
1764306195.207800 sending message 112 to peer 0xc3081c000 (12 bytes)
1764306195.207804 sending message 112 to peer 0xc3081c000 (10 bytes)
1764306195.207810 sending message 112 to peer 0xc3081c000 (10 bytes)
1764306195.207814 sending message 112 to peer 0xc3081c000 (10 bytes)
1764306195.207818 sending message 112 to peer 0xc3081c000 (12 bytes)
1764306195.207822 sending message 112 to peer 0xc3081c000 (13 bytes)
1764306195.207826 sending message 112 to peer 0xc3081c000 (13 bytes)
1764306195.207830 sending message 112 to peer 0xc3081c000 (13 bytes)
1764306195.207835 sending message 112 to peer 0xc3081c000 (13 bytes)
1764306195.207839 sending message 112 to peer 0xc3081c000 (13 bytes)
1764306195.207842 sending message 112 to peer 0xc3081c000 (11 bytes)
1764306195.207846 sending message 112 to peer 0xc3081c000 (11 bytes)
1764306195.207850 sending message 112 to peer 0xc3081c000 (12 bytes)
1764306195.207854 sending message 112 to peer 0xc3081c000 (12 bytes)
1764306195.207858 sending message 112 to peer 0xc3081c000 (12 bytes)
1764306195.207862 sending message 112 to peer 0xc3081c000 (12 bytes)
1764306195.207866 sending message 112 to peer 0xc3081c000 (12 bytes)
1764306195.207870 sending message 112 to peer 0xc3081c000 (11 bytes)
1764306195.207874 sending message 112 to peer 0xc3081c000 (12 bytes)
1764306195.207878 sending message 112 to peer 0xc3081c000 (12 bytes)
1764306195.207882 sending message 112 to peer 0xc3081c000 (13 bytes)
1764306195.207886 sending message 112 to peer 0xc3081c000 (13 bytes)
1764306195.207889 sending message 112 to peer 0xc3081c000 (13 bytes)
1764306195.207893 sending message 112 to peer 0xc3081c000 (13 bytes)
1764306195.207897 sending message 112 to peer 0xc3081c000 (13 bytes)
1764306195.207901 sending message 112 to peer 0xc3081c000 (10 bytes)
1764306195.207905 sending message 112 to peer 0xc3081c000 (9 bytes)
1764306195.207909 sending message 112 to peer 0xc3081c000 (12 bytes)
1764306195.207913 sending message 112 to peer 0xc3081c000 (13 bytes)
1764306195.207917 sending message 112 to peer 0xc3081c000 (13 bytes)
1764306195.207921 sending message 112 to peer 0xc3081c000 (13 bytes)
1764306195.207926 sending message 112 to peer 0xc3081c000 (13 bytes)
1764306195.207930 sending message 112 to peer 0xc3081c000 (13 bytes)
1764306195.207934 sending message 112 to peer 0xc3081c000 (9 bytes)
1764306195.207938 sending message 112 to peer 0xc3081c000 (12 bytes)
1764306195.207943 sending message 112 to peer 0xc3081c000 (13 bytes)
1764306195.207947 sending message 112 to peer 0xc3081c000 (13 bytes)
1764306195.207950 sending message 112 to peer 0xc3081c000 (13 bytes)
1764306195.207954 sending message 112 to peer 0xc3081c000 (13 bytes)
1764306195.207964 sending message 112 to peer 0xc3081c000 (13 bytes)
1764306195.207968 sending message 112 to peer 0xc3081c000 (11 bytes)
1764306195.207973 sending message 112 to peer 0xc3081c000 (12 bytes)
1764306195.207977 sending message 112 to peer 0xc3081c000 (13 bytes)
1764306195.207981 sending message 112 to peer 0xc3081c000 (13 bytes)
1764306195.207985 sending message 112 to peer 0xc3081c000 (13 bytes)
1764306195.207989 sending message 112 to peer 0xc3081c000 (13 bytes)
1764306195.207994 sending message 112 to peer 0xc3081c000 (13 bytes)
1764306195.207998 sending message 112 to peer 0xc3081c000 (11 bytes)
1764306195.208002 sending message 112 to peer 0xc3081c000 (12 bytes)
1764306195.208005 sending message 112 to peer 0xc3081c000 (12 bytes)
1764306195.208009 sending message 112 to peer 0xc3081c000 (12 bytes)
1764306195.208014 sending message 112 to peer 0xc3081c000 (12 bytes)
1764306195.208018 sending message 112 to peer 0xc3081c000 (12 bytes)
1764306195.208022 sending message 112 to peer 0xc3081c000 (21 bytes)
1764306195.208027 sending message 112 to peer 0xc3081c000 (12 bytes)
1764306195.208031 sending message 112 to peer 0xc3081c000 (9 bytes)
1764306195.208036 sending message 112 to peer 0xc3081c000 (6 bytes)
1764306195.208040 sending message 112 to peer 0xc3081c000 (13 bytes)
1764306195.208045 sending message 112 to peer 0xc3081c000 (8 bytes)
1764306195.208049 sending message 112 to peer 0xc3081c000 (15 bytes)
1764306195.208053 sending message 112 to peer 0xc3081c000 (13 bytes)
1764306195.208057 sending message 112 to peer 0xc3081c000 (9 bytes)
1764306195.208062 sending message 112 to peer 0xc3081c000 (70 bytes)
1764306195.208066 sending message 112 to peer 0xc3081c000 (69 bytes)
1764306195.208070 sending message 112 to peer 0xc3081c000 (10 bytes)
1764306195.208074 sending message 112 to peer 0xc3081c000 (10 bytes)
1764306195.208078 sending message 112 to peer 0xc3081c000 (8 bytes)
1764306195.208081 sending message 112 to peer 0xc3081c000 (15 bytes)
1764306195.208086 sending message 112 to peer 0xc3081c000 (13 bytes)
1764306195.208090 sending message 112 to peer 0xc3081c000 (10 bytes)
1764306195.208094 sending message 112 to peer 0xc3081c000 (10 bytes)
1764306195.208098 sending message 112 to peer 0xc3081c000 (17 bytes)
1764306195.208102 sending message 112 to peer 0xc3081c000 (10 bytes)
1764306195.208106 sending message 112 to peer 0xc3081c000 (13 bytes)
1764306195.208110 sending message 112 to peer 0xc3081c000 (9 bytes)
1764306195.208114 sending message 112 to peer 0xc3081c000 (5 bytes)
1764306195.208118 sending message 112 to peer 0xc3081c000 (15 bytes)
1764306195.208124 sending message 104 to peer 0xc3081c000 (0 bytes)
1764306195.208129 sending message 110 to peer 0xc3081c000 (0 bytes)
1764306195.208133 sending message 107 to peer 0xc3081c000 (4 bytes)
1764306195.208137 sending message 105 to peer 0xc3081c000 (83 bytes)
1764306195.208141 sending message 105 to peer 0xc3081c000 (87 bytes)
1764306195.208145 sending message 105 to peer 0xc3081c000 (32 bytes)
1764306195.208149 sending message 105 to peer 0xc3081c000 (27 bytes)
1764306195.208153 sending message 105 to peer 0xc3081c000 (20 bytes)
1764306195.208157 sending message 105 to peer 0xc3081c000 (22 bytes)
1764306195.208161 sending message 105 to peer 0xc3081c000 (48 bytes)
1764306195.208165 sending message 105 to peer 0xc3081c000 (12 bytes)
1764306195.208169 sending message 105 to peer 0xc3081c000 (73 bytes)
1764306195.208173 sending message 105 to peer 0xc3081c000 (68 bytes)
1764306195.208177 sending message 105 to peer 0xc3081c000 (65 bytes)
1764306195.208181 sending message 105 to peer 0xc3081c000 (141 bytes)
1764306195.208185 sending message 105 to peer 0xc3081c000 (66 bytes)
1764306195.208189 sending message 105 to peer 0xc3081c000 (208 bytes)
1764306195.208193 sending message 105 to peer 0xc3081c000 (24 bytes)
1764306195.208197 sending message 105 to peer 0xc3081c000 (37 bytes)
1764306195.208201 sending message 105 to peer 0xc3081c000 (30 bytes)
1764306195.208205 sending message 105 to peer 0xc3081c000 (34 bytes)
1764306195.208217 sending message 105 to peer 0xc3081c000 (60 bytes)
1764306195.208221 sending message 105 to peer 0xc3081c000 (13 bytes)
1764306195.208224 sending message 105 to peer 0xc3081c000 (19 bytes)
1764306195.208228 sending message 105 to peer 0xc3081c000 (20 bytes)
1764306195.208231 sending message 105 to peer 0xc3081c000 (32 bytes)
1764306195.208235 sending message 105 to peer 0xc3081c000 (35 bytes)
1764306195.208238 sending message 105 to peer 0xc3081c000 (18 bytes)
1764306195.208242 sending message 105 to peer 0xc3081c000 (12 bytes)
1764306195.208245 sending message 105 to peer 0xc3081c000 (794 bytes)
1764306195.208249 sending message 105 to peer 0xc3081c000 (80 bytes)
1764306195.208252 sending message 105 to peer 0xc3081c000 (71 bytes)
1764306195.208256 sending message 105 to peer 0xc3081c000 (54 bytes)
1764306195.208259 sending message 105 to peer 0xc3081c000 (50 bytes)
1764306195.208263 sending message 105 to peer 0xc3081c000 (32 bytes)
1764306195.208266 sending message 105 to peer 0xc3081c000 (15 bytes)
1764306195.208270 sending message 105 to peer 0xc3081c000 (8 bytes)
1764306195.208273 sending message 105 to peer 0xc3081c000 (66 bytes)
1764306195.208277 sending message 105 to peer 0xc3081c000 (19 bytes)
1764306195.208283 sending message 105 to peer 0xc3081c000 (18 bytes)
1764306195.208289 sending message 105 to peer 0xc3081c000 (26 bytes)
1764306195.208293 sending message 105 to peer 0xc3081c000 (57 bytes)
1764306195.208296 sending message 105 to peer 0xc3081c000 (43 bytes)
1764306195.208300 sending message 105 to peer 0xc3081c000 (13 bytes)
1764306195.208303 sending message 105 to peer 0xc3081c000 (59 bytes)
1764306195.208307 sending message 105 to peer 0xc3081c000 (17 bytes)
1764306195.208310 sending message 105 to peer 0xc3081c000 (21 bytes)
1764306195.208314 sending message 105 to peer 0xc3081c000 (14 bytes)
1764306195.208317 sending message 105 to peer 0xc3081c000 (19 bytes)
1764306195.208321 sending message 105 to peer 0xc3081c000 (26 bytes)
1764306195.208324 sending message 105 to peer 0xc3081c000 (22 bytes)
1764306195.208327 sending message 105 to peer 0xc3081c000 (35 bytes)
1764306195.208331 sending message 105 to peer 0xc3081c000 (32 bytes)
1764306195.208334 sending message 105 to peer 0xc3081c000 (615 bytes)
1764306195.208338 sending message 105 to peer 0xc3081c000 (128 bytes)
1764306195.208341 sending message 105 to peer 0xc3081c000 (70 bytes)
1764306195.208345 sending message 105 to peer 0xc3081c000 (10 bytes)
1764306195.208348 sending message 105 to peer 0xc3081c000 (15 bytes)
1764306195.208352 sending message 105 to peer 0xc3081c000 (24 bytes)
1764306195.208355 sending message 105 to peer 0xc3081c000 (271 bytes)
1764306195.208359 sending message 105 to peer 0xc3081c000 (396 bytes)
1764306195.208362 sending message 105 to peer 0xc3081c000 (554 bytes)
1764306195.208366 sending message 105 to peer 0xc3081c000 (25 bytes)
1764306195.208369 sending message 106 to peer 0xc3081c000 (0 bytes)
1764306195.208436 cmd_pack_argv: argv[0]=new
1764306195.208441 sending message 200 to peer 0xc3081c000 (8 bytes)
1764306195.208445 client loop enter
1764306195.208654 peer 0xc3081c000 message 303
1764306195.208663 open write file 2 -
1764306195.208673 sending message 305 to peer 0xc3081c000 (8 bytes)
1764306195.208685 write check file 2
1764306195.208701 peer 0xc3081c000 message 304
1764306195.208705 write 58 to file 2
1764306195.208710 peer 0xc3081c000 message 203
1764306195.208714 file 2 58 bytes left
1764306195.208724 write check file 2
1764306195.208728 client loop exit
